<?xml version="1.0" encoding="UTF-8"?>
<!-- Generated by org.testng.reporters.JUnitReportReporter -->
<testsuite hostname="L0USMN000110689" failures="0" tests="2" name="matrix.ca.testcases.LoginPageTest" time="18.550" errors="0" timestamp="18 Jul 2020 02:29:04 GMT" skipped="0">
  <testcase classname="matrix.ca.testcases.LoginPageTest" name="LoginPageTitleTest" time="7.775"/>
  <testcase classname="matrix.ca.testcases.LoginPageTest" name="UserLoginTest" time="10.775"/>
</testsuite> <!-- matrix.ca.testcases.LoginPageTest -->
