<?xml version="1.0" encoding="UTF-8"?>
<!-- Generated by org.testng.reporters.JUnitReportReporter -->
<testsuite hostname="L0USMN000110689" failures="0" tests="2" name="matrix.ca.testcases.LoginPageTest" time="19.060" errors="0" timestamp="17 Jul 2020 14:28:39 GMT" skipped="0">
  <testcase classname="matrix.ca.testcases.LoginPageTest" name="LoginPageTitleTest" time="8.958"/>
  <testcase classname="matrix.ca.testcases.LoginPageTest" name="UserLoginTest" time="10.102"/>
</testsuite> <!-- matrix.ca.testcases.LoginPageTest -->
